<?xml version="1.0" encoding="UTF-8"?>
<!-- Generated by org.testng.reporters.JUnitReportReporter -->
<testsuite hostname="PcTheGr8" failures="0" tests="3" name="Assign_Framework.test.loginTest" time="8.407" errors="0" timestamp="2024-03-12T16:32:40 IST" skipped="0">
  <testcase classname="Assign_Framework.test.loginTest" name="signinTest" time="6.214"/>
  <testcase classname="Assign_Framework.test.loginTest" name="verifyLoginSuccessPage" time="0.544"/>
  <testcase classname="Assign_Framework.test.loginTest" name="linktoRegisterPage" time="1.649"/>
</testsuite> <!-- Assign_Framework.test.loginTest -->
