<?xml version="1.0" encoding="UTF-8"?>
<!-- Generated by org.testng.reporters.JUnitReportReporter -->
<testsuite hostname="PcTheGr8" failures="0" tests="1" name="Assign_Framework.test.Registration" time="12.055" errors="0" timestamp="2024-03-12T16:32:40 IST" skipped="0">
  <testcase classname="Assign_Framework.test.Registration" name="userRegistration" time="12.055"/>
</testsuite> <!-- Assign_Framework.test.Registration -->
